  Attack.cpp
  BigFireBlast.cpp
  BigPunch.cpp
  Character.cpp
  FireBall.cpp
  FireBlast.cpp
  HalfMagicShield.cpp
  Human.cpp
  IceBall.cpp
  Interface.cpp
  IronShield.cpp
  MagicShield.cpp
  Main.cpp
  Melee.cpp
  Orc.cpp
  Punch.cpp
  Regeneration.cpp
  RegenerationSpell.cpp
  Shield.cpp
  Spell.cpp
  Generating Code...
  Compiling...
  StoneRain.cpp
  Tap.cpp
  Tornado.cpp
  Troll.cpp
  Twisted.cpp
  Generating Code...
  OrcsVSTrolls.vcxproj -> G:\Gameplay Programming\Orcs-Vs-Trolls\OrcsVSTrolls\Debug\OrcsVSTrolls.exe
